  main.cpp
c:\program files (x86)\windows kits\8.1\include\shared\minwindef.h(130): warning C4005: 'APIENTRY': macro redefinition
  c:\graphics\project\project\gl\glfw3.h(98): note: see previous definition of 'APIENTRY'
c:\graphics\project\project\main.cpp(26): warning C4305: 'initializing': truncation from 'double' to 'float'
c:\graphics\project\project\main.cpp(32): warning C4244: 'argument': conversion from 'const int' to 'float', possible loss of data
c:\graphics\project\project\main.cpp(32): warning C4305: 'argument': truncation from 'double' to 'float'
c:\graphics\project\project\main.cpp(39): warning C4305: 'argument': truncation from 'double' to 'float'
c:\graphics\project\project\main.cpp(83): warning C4305: 'initializing': truncation from 'double' to 'float'
c:\graphics\project\project\main.cpp(140): warning C4305: 'argument': truncation from 'double' to 'float'
c:\graphics\project\project\main.cpp(160): warning C4244: 'argument': conversion from 'const double' to 'float', possible loss of data
c:\graphics\project\project\main.cpp(184): warning C4244: 'argument': conversion from 'int' to 'float', possible loss of data
c:\graphics\project\project\main.cpp(184): warning C4305: 'argument': truncation from 'double' to 'float'
c:\graphics\project\project\main.cpp(322): warning C4305: 'argument': truncation from 'double' to 'float'
c:\graphics\project\project\main.cpp(387): warning C4244: 'argument': conversion from 'double' to 'float', possible loss of data
c:\graphics\project\project\main.cpp(388): warning C4305: 'argument': truncation from 'double' to 'float'
c:\graphics\project\project\main.cpp(427): warning C4244: 'argument': conversion from 'const double' to 'float', possible loss of data
c:\graphics\project\project\main.cpp(427): warning C4305: 'argument': truncation from 'double' to 'float'
  camera.cpp
c:\graphics\project\project\camera.cpp(12): warning C4244: '=': conversion from 'double' to 'float', possible loss of data
c:\graphics\project\project\camera.cpp(16): warning C4244: '=': conversion from 'double' to 'float', possible loss of data
c:\graphics\project\project\camera.cpp(27): warning C4244: '=': conversion from 'double' to 'float', possible loss of data
c:\graphics\project\project\camera.cpp(106): warning C4244: 'argument': conversion from 'const double' to 'float', possible loss of data
c:\graphics\project\project\camera.cpp(109): warning C4244: 'argument': conversion from 'const double' to 'float', possible loss of data
c:\graphics\project\project\camera.cpp(112): warning C4244: 'argument': conversion from 'const double' to 'float', possible loss of data
c:\graphics\project\project\camera.cpp(115): warning C4244: 'argument': conversion from 'const double' to 'float', possible loss of data
c:\graphics\project\project\camera.cpp(128): warning C4244: '+=': conversion from 'double' to 'float', possible loss of data
c:\graphics\project\project\camera.cpp(129): warning C4244: '+=': conversion from 'double' to 'float', possible loss of data
  Generating Code...
  Project.vcxproj -> C:\Graphics\Project\x64\Debug\Project.exe
  Project.vcxproj -> C:\Graphics\Project\x64\Debug\Project.pdb (Partial PDB)
