c:\graphics\project\project\x64\debug\vc140.pdb
c:\graphics\project\project\x64\debug\vc140.idb
c:\graphics\project\project\x64\debug\camera.obj
c:\graphics\project\project\x64\debug\drawing.obj
c:\graphics\project\project\x64\debug\mesh.obj
c:\graphics\project\project\x64\debug\shadow.obj
c:\graphics\project\project\x64\debug\vertex.obj
c:\graphics\project\project\x64\debug\main.obj
c:\graphics\project\project\x64\debug\mathematics.obj
c:\graphics\project\project\x64\debug\projection.obj
c:\graphics\project\project\x64\debug\shader.obj
c:\graphics\project\project\x64\debug\texture.obj
c:\graphics\project\project\x64\debug\transform.obj
c:\graphics\project\x64\debug\project.ilk
c:\graphics\project\x64\debug\project.exe
c:\graphics\project\x64\debug\project.pdb
c:\graphics\project\project\x64\debug\mesh.obj.enc
c:\graphics\project\project\x64\debug\project.tlog\cl.command.1.tlog
c:\graphics\project\project\x64\debug\project.tlog\cl.read.1.tlog
c:\graphics\project\project\x64\debug\project.tlog\cl.write.1.tlog
c:\graphics\project\project\x64\debug\project.tlog\link.command.1.tlog
c:\graphics\project\project\x64\debug\project.tlog\link.read.1.tlog
c:\graphics\project\project\x64\debug\project.tlog\link.write.1.tlog
