  main.cpp
C:\Program Files (x86)\Windows Kits\8.1\Include\shared\minwindef.h(130): warning C4005: 'APIENTRY': macro redefinition
  C:\Graphics\Project\Project\GL/glfw3.h(98): note: see previous definition of 'APIENTRY'
main.cpp(26): warning C4305: 'initializing': truncation from 'double' to 'float'
main.cpp(32): warning C4244: 'argument': conversion from 'const int' to 'float', possible loss of data
main.cpp(32): warning C4305: 'argument': truncation from 'double' to 'float'
main.cpp(39): warning C4305: 'argument': truncation from 'double' to 'float'
main.cpp(83): warning C4305: 'initializing': truncation from 'double' to 'float'
main.cpp(140): warning C4305: 'argument': truncation from 'double' to 'float'
main.cpp(160): warning C4244: 'argument': conversion from 'const double' to 'float', possible loss of data
main.cpp(184): warning C4244: 'argument': conversion from 'int' to 'float', possible loss of data
main.cpp(184): warning C4305: 'argument': truncation from 'double' to 'float'
main.cpp(322): warning C4305: 'argument': truncation from 'double' to 'float'
main.cpp(387): warning C4244: 'argument': conversion from 'double' to 'float', possible loss of data
main.cpp(388): warning C4305: 'argument': truncation from 'double' to 'float'
main.cpp(427): warning C4244: 'argument': conversion from 'const double' to 'float', possible loss of data
main.cpp(427): warning C4305: 'argument': truncation from 'double' to 'float'
  Generating code
  49 of 699 functions ( 7.0%) were compiled, the rest were copied from previous compilation.
    0 functions were new in current compilation
    10 functions had inline decision re-evaluated but remain unchanged
  Finished generating code
  Project.vcxproj -> C:\Graphics\Project\x64\Release\Project.exe
  Project.vcxproj -> C:\Graphics\Project\x64\Release\Project.pdb (Full PDB)
